...
----------------------------------------------------------------------
Ran 3 tests in 0.001s

OK

Short table output:
ID  Name     Status    [0m
-----------------------
1   Alice    Active    [0m
2   Bob      Inactive  [0m
3   Charlie  Pending   [0m

Long table output (max_width=40):
PID    Runtime   Command...             [0m
----------------------------------------
12345  0:01:23   python3 /very/long/p...[0m
67890  12:34:56  bash -c 'echo "This ...[0m

Arabic (RTL) table output:
‫المعرف  الاسم  الحالة        ‬[0m
-----------------------------
‫١       أليس   نشط           ‬[0m
‫٢       باسم   غير نشط       ‬[0m
‫٣       جميل   قيد الانتظار  ‬[0m
