Determining if files curses.h;term.h exist passed with the following output:
Change Dir: '/Users/wukunhuan/.local/bin/fish_build/fish-3.6.1/CMakeFiles/CMakeTmp'

Run Build Command(s): /opt/homebrew/bin/cmake -E env VERBOSE=1 /usr/bin/make -f Makefile cmTC_73c32/fast
/Library/Developer/CommandLineTools/usr/bin/make  -f CMakeFiles/cmTC_73c32.dir/build.make CMakeFiles/cmTC_73c32.dir/build
Building C object CMakeFiles/cmTC_73c32.dir/HAVE_TERM_H.c.o
/usr/bin/cc -D_GNU_SOURCE=1  -Werror=unguarded-availability -arch arm64 -mmacosx-version-min=10.10 -MD -MT CMakeFiles/cmTC_73c32.dir/HAVE_TERM_H.c.o -MF CMakeFiles/cmTC_73c32.dir/HAVE_TERM_H.c.o.d -o CMakeFiles/cmTC_73c32.dir/HAVE_TERM_H.c.o -c /Users/wukunhuan/.local/bin/fish_build/fish-3.6.1/CMakeFiles/CheckIncludeFiles/HAVE_TERM_H.c
Linking C executable cmTC_73c32
/opt/homebrew/bin/cmake -E cmake_link_script CMakeFiles/cmTC_73c32.dir/link.txt --verbose=1
/usr/bin/cc  -Werror=unguarded-availability -arch arm64 -mmacosx-version-min=10.10 -Wl,-search_paths_first -Wl,-headerpad_max_install_names -L/opt/homebrew/opt/tcl-tk@8/lib  CMakeFiles/cmTC_73c32.dir/HAVE_TERM_H.c.o -o cmTC_73c32



Determining if files sys/types.h;sys/sysctl.h exist passed with the following output:
Change Dir: '/Users/wukunhuan/.local/bin/fish_build/fish-3.6.1/CMakeFiles/CMakeTmp'

Run Build Command(s): /opt/homebrew/bin/cmake -E env VERBOSE=1 /usr/bin/make -f Makefile cmTC_f117c/fast
/Library/Developer/CommandLineTools/usr/bin/make  -f CMakeFiles/cmTC_f117c.dir/build.make CMakeFiles/cmTC_f117c.dir/build
Building C object CMakeFiles/cmTC_f117c.dir/HAVE_SYS_SYSCTL_H.c.o
/usr/bin/cc -D_GNU_SOURCE=1  -Werror -Werror=unguarded-availability -arch arm64 -mmacosx-version-min=10.10 -MD -MT CMakeFiles/cmTC_f117c.dir/HAVE_SYS_SYSCTL_H.c.o -MF CMakeFiles/cmTC_f117c.dir/HAVE_SYS_SYSCTL_H.c.o.d -o CMakeFiles/cmTC_f117c.dir/HAVE_SYS_SYSCTL_H.c.o -c /Users/wukunhuan/.local/bin/fish_build/fish-3.6.1/CMakeFiles/CheckIncludeFiles/HAVE_SYS_SYSCTL_H.c
Linking C executable cmTC_f117c
/opt/homebrew/bin/cmake -E cmake_link_script CMakeFiles/cmTC_f117c.dir/link.txt --verbose=1
/usr/bin/cc  -Werror -Werror=unguarded-availability -arch arm64 -mmacosx-version-min=10.10 -Wl,-search_paths_first -Wl,-headerpad_max_install_names -L/opt/homebrew/opt/tcl-tk@8/lib  CMakeFiles/cmTC_f117c.dir/HAVE_SYS_SYSCTL_H.c.o -o cmTC_f117c



Determining if files xlocale.h exist passed with the following output:
Change Dir: '/Users/wukunhuan/.local/bin/fish_build/fish-3.6.1/CMakeFiles/CMakeTmp'

Run Build Command(s): /opt/homebrew/bin/cmake -E env VERBOSE=1 /usr/bin/make -f Makefile cmTC_1a2dc/fast
/Library/Developer/CommandLineTools/usr/bin/make  -f CMakeFiles/cmTC_1a2dc.dir/build.make CMakeFiles/cmTC_1a2dc.dir/build
Building C object CMakeFiles/cmTC_1a2dc.dir/HAVE_XLOCALE_H.c.o
/usr/bin/cc -D_GNU_SOURCE=1  -Werror=unguarded-availability -arch arm64 -mmacosx-version-min=10.10 -MD -MT CMakeFiles/cmTC_1a2dc.dir/HAVE_XLOCALE_H.c.o -MF CMakeFiles/cmTC_1a2dc.dir/HAVE_XLOCALE_H.c.o.d -o CMakeFiles/cmTC_1a2dc.dir/HAVE_XLOCALE_H.c.o -c /Users/wukunhuan/.local/bin/fish_build/fish-3.6.1/CMakeFiles/CheckIncludeFiles/HAVE_XLOCALE_H.c
Linking C executable cmTC_1a2dc
/opt/homebrew/bin/cmake -E cmake_link_script CMakeFiles/cmTC_1a2dc.dir/link.txt --verbose=1
/usr/bin/cc  -Werror=unguarded-availability -arch arm64 -mmacosx-version-min=10.10 -Wl,-search_paths_first -Wl,-headerpad_max_install_names -L/opt/homebrew/opt/tcl-tk@8/lib  CMakeFiles/cmTC_1a2dc.dir/HAVE_XLOCALE_H.c.o -o cmTC_1a2dc



